                                      1 ;--------------------------------------------------------
                                      2 ; File Created by SDCC : free open source ISO C Compiler
                                      3 ; Version 4.5.1 #15267 (MINGW64)
                                      4 ;--------------------------------------------------------
                                      5 	.module assets
                                      6 	
                                      7 ;--------------------------------------------------------
                                      8 ; Public variables in this module
                                      9 ;--------------------------------------------------------
                                     10 	.globl _MAX_LEVELS
                                     11 	.globl _game_levels
                                     12 	.globl _level_du
                                     13 	.globl _level_pg
                                     14 	.globl _level_bot
                                     15 	.globl _level_sm
                                     16 	.globl _song_bank
                                     17 	.globl _level_songs
                                     18 	.globl b___func_chr_gb_tiles
                                     19 	.globl ___func_chr_gb_tiles
                                     20 	.globl b___func_chr_gb
                                     21 	.globl ___func_chr_gb
                                     22 	.globl b___func_game_levels
                                     23 	.globl ___func_game_levels
                                     24 ;--------------------------------------------------------
                                     25 ; special function registers
                                     26 ;--------------------------------------------------------
                                     27 	.area _HRAM
                                     28 ;--------------------------------------------------------
                                     29 ; ram data
                                     30 ;--------------------------------------------------------
                                     31 	.area _DATA
                                     32 ;--------------------------------------------------------
                                     33 ; ram data
                                     34 ;--------------------------------------------------------
                                     35 	.area _INITIALIZED
                                     36 ;--------------------------------------------------------
                                     37 ; absolute external ram data
                                     38 ;--------------------------------------------------------
                                     39 	.area _DABS (ABS)
                                     40 ;--------------------------------------------------------
                                     41 ; global & static initialisations
                                     42 ;--------------------------------------------------------
                                     43 	.area _HOME
                                     44 	.area _GSINIT
                                     45 	.area _GSFINAL
                                     46 	.area _GSINIT
                                     47 ;--------------------------------------------------------
                                     48 ; Home
                                     49 ;--------------------------------------------------------
                                     50 	.area _HOME
                                     51 	.area _HOME
                                     52 ;--------------------------------------------------------
                                     53 ; code
                                     54 ;--------------------------------------------------------
                                     55 	.area _CODE_1
                                     56 ;src/assets.c:7: BANKREF(game_levels)
                                     57 ;	---------------------------------
                                     58 ; Function __func_game_levels
                                     59 ; ---------------------------------
                         00000001    60 	b___func_game_levels	= 1
    00000000                         61 ___func_game_levels::
                                     62 	.local b___func_game_levels 
                         00000001    63 	___bank_game_levels = b___func_game_levels 
                                     64 	.globl ___bank_game_levels 
                                     65 ;src/assets.c:8: BANKREF(chr_gb)
                                     66 ;	---------------------------------
                                     67 ; Function __func_chr_gb
                                     68 ; ---------------------------------
                         00000001    69 	b___func_chr_gb	= 1
    00000000                         70 ___func_chr_gb::
                                     71 	.local b___func_chr_gb 
                         00000001    72 	___bank_chr_gb = b___func_chr_gb 
                                     73 	.globl ___bank_chr_gb 
                                     74 ;src/assets.c:11: INCBIN(chr_gb_tiles, "levels/chr_data/chr_gb_tiles.bin")
                                     75 ;	---------------------------------
                                     76 ; Function __func_chr_gb_tiles
                                     77 ; ---------------------------------
                         00000001    78 	b___func_chr_gb_tiles	= 1
    00000000                         79 ___func_chr_gb_tiles::
    00000000                         80 _chr_gb_tiles::
    00000000                         81 1$:
    00000000 00 00 00 00 00 00 00    82 	.incbin "levels/chr_data/chr_gb_tiles.bin" 
             00 00 00 00 00 00 00
             00 00 00 00 FF FF 7F
             7F 7F 7F 7F 7F 3F 3F
             1F 1F 0E 0E 00 00 7F
             7F 3F 3F 1F 1F 0F 0F
             07 07 03 03 00 00 00
             00 FF FF FF FF FF FF
             FF FF FF FF 1F 1F 0E
             0E 00 00 FE FE FC FC
             F8 F8 F0 F0 C0 C0 00
             00 00 00 00 7E 2A 7E
             3C 3C 3C 3C 18 18 18
             18 00 00 00 00 FF FF
             FF FF 5B 5B 12 12 10
             10 00 00 00 00 00 00
             FF FF FF FF EE EE E4
             E4 40 40 40 40 00 00
             00 00
    00001000                         83 2$:
                         00001000    84 	___size_chr_gb_tiles = (2$-1$) 
                                     85 	.globl ___size_chr_gb_tiles 
                                     86 	.local b___func_chr_gb_tiles 
                         00000001    87 	___bank_chr_gb_tiles = b___func_chr_gb_tiles 
                                     88 	.globl ___bank_chr_gb_tiles 
                                     89 	.area _CODE_1
    00001000                         90 _level_songs:
    00001000r00r00                   91 	.dw _stereomadness
    00001002r00r00                   92 	.dw _backontrack
    00001004r00r00                   93 	.dw _polargeist
    00001006r00r00                   94 	.dw _dryout
    00001008                         95 _song_bank:
    00001008 06                      96 	.db #0x06	; 6
    00001009 09                      97 	.db #0x09	; 9
    0000100A 08                      98 	.db #0x08	; 8
    0000100B 07                      99 	.db #0x07	; 7
    0000100C                        100 _level_sm:
    0000100Cr65r10                  101 	.dw __str_0
    0000100Er00r00                  102 	.dw _chr_gb_tiles
    00001010r00r00                  103 	.dw _stereomadness_map
    00001012r00r00                  104 	.dw _stereomadness_sprites_placements
    00001014 D4 00                  105 	.dw #0x00d4
    00001016 00 01                  106 	.dw #0x0100
    00001018 7E 03                  107 	.dw #0x037e
    0000101A 10 00                  108 	.dw #0x0010
    0000101C 00                     109 	.db #0x00	; 0
    0000101D 00                     110 	.db #0x00	; 0
    0000101Er00                     111 	.byte ___bank_stereomadness_map
    0000101F C0                     112 	.db #0xc0	; 192
    00001020                        113 _level_bot:
    00001020r74r10                  114 	.dw __str_1
    00001022r00r00                  115 	.dw _chr_gb_tiles
    00001024r00r00                  116 	.dw _backontrack_map
    00001026 00 00                  117 	.dw #0x0000
    00001028 00 00                  118 	.dw #0x0000
    0000102A 00 01                  119 	.dw #0x0100
    0000102C 4E 03                  120 	.dw #0x034e
    0000102E 10 00                  121 	.dw #0x0010
    00001030 00                     122 	.db #0x00	; 0
    00001031 00                     123 	.db #0x00	; 0
    00001032r00                     124 	.byte ___bank_backontrack_map
    00001033 B8                     125 	.db #0xb8	; 184
    00001034                        126 _level_pg:
    00001034r82r10                  127 	.dw __str_2
    00001036r00r00                  128 	.dw _chr_gb_tiles
    00001038r00r00                  129 	.dw _polargeist_map
    0000103A 00 00                  130 	.dw #0x0000
    0000103C 00 00                  131 	.dw #0x0000
    0000103E 00 01                  132 	.dw #0x0100
    00001040 A6 03                  133 	.dw #0x03a6
    00001042 10 00                  134 	.dw #0x0010
    00001044 00                     135 	.db #0x00	; 0
    00001045 00                     136 	.db #0x00	; 0
    00001046r00                     137 	.byte ___bank_polargeist_map
    00001047 C1                     138 	.db #0xc1	; 193
    00001048                        139 _level_du:
    00001048r8Dr10                  140 	.dw __str_3
    0000104Ar00r00                  141 	.dw _chr_gb_tiles
    0000104Cr00r00                  142 	.dw _dryout_map
    0000104E 00 00                  143 	.dw #0x0000
    00001050 00 00                  144 	.dw #0x0000
    00001052 00 01                  145 	.dw #0x0100
    00001054 4A 03                  146 	.dw #0x034a
    00001056 10 00                  147 	.dw #0x0010
    00001058 00                     148 	.db #0x00	; 0
    00001059 00                     149 	.db #0x00	; 0
    0000105Ar00                     150 	.byte ___bank_dryout_map
    0000105B B9                     151 	.db #0xb9	; 185
    0000105C                        152 _game_levels:
    0000105Cr0Cr10                  153 	.dw _level_sm
    0000105Er20r10                  154 	.dw _level_bot
    00001060r34r10                  155 	.dw _level_pg
    00001062r48r10                  156 	.dw _level_du
    00001064                        157 _MAX_LEVELS:
    00001064 04                     158 	.db #0x04	; 4
    00001065                        159 __str_0:
    00001065 53 54 45 52 45 4F 20   160 	.ascii "STEREO MADNESS"
             4D 41 44 4E 45 53 53
    00001073 00                     161 	.db 0x00
    00001074                        162 __str_1:
    00001074 42 41 43 4B 20 4F 4E   163 	.ascii "BACK ON TRACK"
             20 54 52 41 43 4B
    00001081 00                     164 	.db 0x00
    00001082                        165 __str_2:
    00001082 50 4F 4C 41 52 47 45   166 	.ascii "POLARGEIST"
             49 53 54
    0000108C 00                     167 	.db 0x00
    0000108D                        168 __str_3:
    0000108D 44 52 59 20 4F 55 54   169 	.ascii "DRY OUT"
    00001094 00                     170 	.db 0x00
                                    171 	.area _INITIALIZER
                                    172 	.area _CABS (ABS)
