                                      1 ;--------------------------------------------------------
                                      2 ; File Created by SDCC : free open source ISO C Compiler
                                      3 ; Version 4.5.1 #15267 (MINGW64)
                                      4 ;--------------------------------------------------------
                                      5 	.module fd_portal_sprites
                                      6 	
                                      7 ;--------------------------------------------------------
                                      8 ; Public variables in this module
                                      9 ;--------------------------------------------------------
                                     10 	.globl _portal_sprite_tiles
                                     11 ;--------------------------------------------------------
                                     12 ; special function registers
                                     13 ;--------------------------------------------------------
                                     14 	.area _HRAM
                                     15 ;--------------------------------------------------------
                                     16 ; ram data
                                     17 ;--------------------------------------------------------
                                     18 	.area _DATA
                                     19 ;--------------------------------------------------------
                                     20 ; ram data
                                     21 ;--------------------------------------------------------
                                     22 	.area _INITIALIZED
                                     23 ;--------------------------------------------------------
                                     24 ; absolute external ram data
                                     25 ;--------------------------------------------------------
                                     26 	.area _DABS (ABS)
                                     27 ;--------------------------------------------------------
                                     28 ; global & static initialisations
                                     29 ;--------------------------------------------------------
                                     30 	.area _HOME
                                     31 	.area _GSINIT
                                     32 	.area _GSFINAL
                                     33 	.area _GSINIT
                                     34 ;--------------------------------------------------------
                                     35 ; Home
                                     36 ;--------------------------------------------------------
                                     37 	.area _HOME
                                     38 	.area _HOME
                                     39 ;--------------------------------------------------------
                                     40 ; code
                                     41 ;--------------------------------------------------------
                                     42 	.area _CODE
                                     43 	.area _CODE
    00000000                         44 _portal_sprite_tiles:
    00000000 00                      45 	.db #0x00	; 0
    00000001 00                      46 	.db #0x00	; 0
    00000002 00                      47 	.db #0x00	; 0
    00000003 00                      48 	.db #0x00	; 0
    00000004 00                      49 	.db #0x00	; 0
    00000005 00                      50 	.db #0x00	; 0
    00000006 00                      51 	.db #0x00	; 0
    00000007 00                      52 	.db #0x00	; 0
    00000008 00                      53 	.db #0x00	; 0
    00000009 03                      54 	.db #0x03	; 3
    0000000A 00                      55 	.db #0x00	; 0
    0000000B 07                      56 	.db #0x07	; 7
    0000000C 00                      57 	.db #0x00	; 0
    0000000D 0F                      58 	.db #0x0f	; 15
    0000000E 00                      59 	.db #0x00	; 0
    0000000F 1F                      60 	.db #0x1f	; 31
    00000010 00                      61 	.db #0x00	; 0
    00000011 00                      62 	.db #0x00	; 0
    00000012 00                      63 	.db #0x00	; 0
    00000013 06                      64 	.db #0x06	; 6
    00000014 00                      65 	.db #0x00	; 0
    00000015 0F                      66 	.db #0x0f	; 15
    00000016 00                      67 	.db #0x00	; 0
    00000017 0F                      68 	.db #0x0f	; 15
    00000018 00                      69 	.db #0x00	; 0
    00000019 06                      70 	.db #0x06	; 6
    0000001A 7F                      71 	.db #0x7f	; 127
    0000001B 80                      72 	.db #0x80	; 128
    0000001C 3F                      73 	.db #0x3f	; 63
    0000001D C0                      74 	.db #0xc0	; 192
    0000001E 14                      75 	.db #0x14	; 20
    0000001F E0                      76 	.db #0xe0	; 224
    00000020 00                      77 	.db #0x00	; 0
    00000021 00                      78 	.db #0x00	; 0
    00000022 00                      79 	.db #0x00	; 0
    00000023 00                      80 	.db #0x00	; 0
    00000024 00                      81 	.db #0x00	; 0
    00000025 00                      82 	.db #0x00	; 0
    00000026 00                      83 	.db #0x00	; 0
    00000027 00                      84 	.db #0x00	; 0
    00000028 00                      85 	.db #0x00	; 0
    00000029 00                      86 	.db #0x00	; 0
    0000002A E0                      87 	.db #0xe0	; 224
    0000002B 00                      88 	.db #0x00	; 0
    0000002C F0                      89 	.db #0xf0	; 240
    0000002D 00                      90 	.db #0x00	; 0
    0000002E 98                      91 	.db #0x98	; 152
    0000002F 00                      92 	.db #0x00	; 0
    00000030 02                      93 	.db #0x02	; 2
    00000031 70                      94 	.db #0x70	; 112	'p'
    00000032 0F                      95 	.db #0x0f	; 15
    00000033 70                      96 	.db #0x70	; 112	'p'
    00000034 1F                      97 	.db #0x1f	; 31
    00000035 E0                      98 	.db #0xe0	; 224
    00000036 04                      99 	.db #0x04	; 4
    00000037 E0                     100 	.db #0xe0	; 224
    00000038 1F                     101 	.db #0x1f	; 31
    00000039 E0                     102 	.db #0xe0	; 224
    0000003A 1F                     103 	.db #0x1f	; 31
    0000003B E0                     104 	.db #0xe0	; 224
    0000003C 04                     105 	.db #0x04	; 4
    0000003D E0                     106 	.db #0xe0	; 224
    0000003E 1F                     107 	.db #0x1f	; 31
    0000003F E0                     108 	.db #0xe0	; 224
    00000040 45                     109 	.db #0x45	; 69	'E'
    00000041 38                     110 	.db #0x38	; 56	'8'
    00000042 C7                     111 	.db #0xc7	; 199
    00000043 38                     112 	.db #0x38	; 56	'8'
    00000044 E3                     113 	.db #0xe3	; 227
    00000045 1C                     114 	.db #0x1c	; 28
    00000046 82                     115 	.db #0x82	; 130
    00000047 1C                     116 	.db #0x1c	; 28
    00000048 E2                     117 	.db #0xe2	; 226
    00000049 1C                     118 	.db #0x1c	; 28
    0000004A E2                     119 	.db #0xe2	; 226
    0000004B 1C                     120 	.db #0x1c	; 28
    0000004C 82                     121 	.db #0x82	; 130
    0000004D 1C                     122 	.db #0x1c	; 28
    0000004E E3                     123 	.db #0xe3	; 227
    0000004F 1C                     124 	.db #0x1c	; 28
    00000050 86                     125 	.db #0x86	; 134
    00000051 78                     126 	.db #0x78	; 120	'x'
    00000052 CF                     127 	.db #0xcf	; 207
    00000053 30                     128 	.db #0x30	; 48	'0'
    00000054 FF                     129 	.db #0xff	; 255
    00000055 00                     130 	.db #0x00	; 0
    00000056 93                     131 	.db #0x93	; 147
    00000057 00                     132 	.db #0x00	; 0
    00000058 93                     133 	.db #0x93	; 147
    00000059 00                     134 	.db #0x00	; 0
    0000005A 93                     135 	.db #0x93	; 147
    0000005B 00                     136 	.db #0x00	; 0
    0000005C 93                     137 	.db #0x93	; 147
    0000005D 00                     138 	.db #0x00	; 0
    0000005E FF                     139 	.db #0xff	; 255
    0000005F 00                     140 	.db #0x00	; 0
    00000060 00                     141 	.db #0x00	; 0
    00000061 00                     142 	.db #0x00	; 0
    00000062 03                     143 	.db #0x03	; 3
    00000063 00                     144 	.db #0x00	; 0
    00000064 03                     145 	.db #0x03	; 3
    00000065 00                     146 	.db #0x00	; 0
    00000066 03                     147 	.db #0x03	; 3
    00000067 00                     148 	.db #0x00	; 0
    00000068 0B                     149 	.db #0x0b	; 11
    00000069 00                     150 	.db #0x00	; 0
    0000006A 0B                     151 	.db #0x0b	; 11
    0000006B 01                     152 	.db #0x01	; 1
    0000006C 0F                     153 	.db #0x0f	; 15
    0000006D 03                     154 	.db #0x03	; 3
    0000006E 0F                     155 	.db #0x0f	; 15
    0000006F 07                     156 	.db #0x07	; 7
    00000070 77                     157 	.db #0x77	; 119	'w'
    00000071 00                     158 	.db #0x00	; 0
    00000072 77                     159 	.db #0x77	; 119	'w'
    00000073 00                     160 	.db #0x00	; 0
    00000074 77                     161 	.db #0x77	; 119	'w'
    00000075 00                     162 	.db #0x00	; 0
    00000076 7F                     163 	.db #0x7f	; 127
    00000077 07                     164 	.db #0x07	; 7
    00000078 FF                     165 	.db #0xff	; 255
    00000079 7F                     166 	.db #0x7f	; 127
    0000007A FF                     167 	.db #0xff	; 255
    0000007B FF                     168 	.db #0xff	; 255
    0000007C F8                     169 	.db #0xf8	; 248
    0000007D F8                     170 	.db #0xf8	; 248
    0000007E 80                     171 	.db #0x80	; 128
    0000007F 80                     172 	.db #0x80	; 128
    00000080 7B                     173 	.db #0x7b	; 123
    00000081 00                     174 	.db #0x00	; 0
    00000082 7F                     175 	.db #0x7f	; 127
    00000083 00                     176 	.db #0x00	; 0
    00000084 FF                     177 	.db #0xff	; 255
    00000085 3F                     178 	.db #0x3f	; 63
    00000086 FF                     179 	.db #0xff	; 255
    00000087 FF                     180 	.db #0xff	; 255
    00000088 FF                     181 	.db #0xff	; 255
    00000089 FF                     182 	.db #0xff	; 255
    0000008A C0                     183 	.db #0xc0	; 192
    0000008B C0                     184 	.db #0xc0	; 192
    0000008C 00                     185 	.db #0x00	; 0
    0000008D 00                     186 	.db #0x00	; 0
    0000008E 00                     187 	.db #0x00	; 0
    0000008F 00                     188 	.db #0x00	; 0
    00000090 00                     189 	.db #0x00	; 0
    00000091 00                     190 	.db #0x00	; 0
    00000092 00                     191 	.db #0x00	; 0
    00000093 00                     192 	.db #0x00	; 0
    00000094 00                     193 	.db #0x00	; 0
    00000095 00                     194 	.db #0x00	; 0
    00000096 00                     195 	.db #0x00	; 0
    00000097 00                     196 	.db #0x00	; 0
    00000098 00                     197 	.db #0x00	; 0
    00000099 00                     198 	.db #0x00	; 0
    0000009A 00                     199 	.db #0x00	; 0
    0000009B 00                     200 	.db #0x00	; 0
    0000009C 00                     201 	.db #0x00	; 0
    0000009D 00                     202 	.db #0x00	; 0
    0000009E 00                     203 	.db #0x00	; 0
    0000009F 00                     204 	.db #0x00	; 0
    000000A0 00                     205 	.db #0x00	; 0
    000000A1 00                     206 	.db #0x00	; 0
    000000A2 00                     207 	.db #0x00	; 0
    000000A3 00                     208 	.db #0x00	; 0
    000000A4 00                     209 	.db #0x00	; 0
    000000A5 00                     210 	.db #0x00	; 0
    000000A6 00                     211 	.db #0x00	; 0
    000000A7 00                     212 	.db #0x00	; 0
    000000A8 00                     213 	.db #0x00	; 0
    000000A9 00                     214 	.db #0x00	; 0
    000000AA 00                     215 	.db #0x00	; 0
    000000AB 00                     216 	.db #0x00	; 0
    000000AC 00                     217 	.db #0x00	; 0
    000000AD 00                     218 	.db #0x00	; 0
    000000AE 00                     219 	.db #0x00	; 0
    000000AF 00                     220 	.db #0x00	; 0
    000000B0 18                     221 	.db #0x18	; 24
    000000B1 18                     222 	.db #0x18	; 24
    000000B2 3C                     223 	.db #0x3c	; 60
    000000B3 3C                     224 	.db #0x3c	; 60
    000000B4 24                     225 	.db #0x24	; 36
    000000B5 3C                     226 	.db #0x3c	; 60
    000000B6 66                     227 	.db #0x66	; 102	'f'
    000000B7 7E                     228 	.db #0x7e	; 126
    000000B8 42                     229 	.db #0x42	; 66	'B'
    000000B9 7E                     230 	.db #0x7e	; 126
    000000BA 42                     231 	.db #0x42	; 66	'B'
    000000BB 7E                     232 	.db #0x7e	; 126
    000000BC C3                     233 	.db #0xc3	; 195
    000000BD FF                     234 	.db #0xff	; 255
    000000BE 81                     235 	.db #0x81	; 129
    000000BF FF                     236 	.db #0xff	; 255
    000000C0 00                     237 	.db #0x00	; 0
    000000C1 00                     238 	.db #0x00	; 0
    000000C2 00                     239 	.db #0x00	; 0
    000000C3 00                     240 	.db #0x00	; 0
    000000C4 00                     241 	.db #0x00	; 0
    000000C5 00                     242 	.db #0x00	; 0
    000000C6 00                     243 	.db #0x00	; 0
    000000C7 00                     244 	.db #0x00	; 0
    000000C8 00                     245 	.db #0x00	; 0
    000000C9 00                     246 	.db #0x00	; 0
    000000CA 00                     247 	.db #0x00	; 0
    000000CB 00                     248 	.db #0x00	; 0
    000000CC 00                     249 	.db #0x00	; 0
    000000CD 02                     250 	.db #0x02	; 2
    000000CE 00                     251 	.db #0x00	; 0
    000000CF 00                     252 	.db #0x00	; 0
    000000D0 00                     253 	.db #0x00	; 0
    000000D1 00                     254 	.db #0x00	; 0
    000000D2 00                     255 	.db #0x00	; 0
    000000D3 00                     256 	.db #0x00	; 0
    000000D4 00                     257 	.db #0x00	; 0
    000000D5 00                     258 	.db #0x00	; 0
    000000D6 00                     259 	.db #0x00	; 0
    000000D7 00                     260 	.db #0x00	; 0
    000000D8 00                     261 	.db #0x00	; 0
    000000D9 00                     262 	.db #0x00	; 0
    000000DA 00                     263 	.db #0x00	; 0
    000000DB 00                     264 	.db #0x00	; 0
    000000DC 00                     265 	.db #0x00	; 0
    000000DD 00                     266 	.db #0x00	; 0
    000000DE 00                     267 	.db #0x00	; 0
    000000DF 18                     268 	.db #0x18	; 24
    000000E0 00                     269 	.db #0x00	; 0
    000000E1 00                     270 	.db #0x00	; 0
    000000E2 00                     271 	.db #0x00	; 0
    000000E3 00                     272 	.db #0x00	; 0
    000000E4 00                     273 	.db #0x00	; 0
    000000E5 00                     274 	.db #0x00	; 0
    000000E6 00                     275 	.db #0x00	; 0
    000000E7 00                     276 	.db #0x00	; 0
    000000E8 00                     277 	.db #0x00	; 0
    000000E9 00                     278 	.db #0x00	; 0
    000000EA 00                     279 	.db #0x00	; 0
    000000EB 08                     280 	.db #0x08	; 8
    000000EC 00                     281 	.db #0x00	; 0
    000000ED 00                     282 	.db #0x00	; 0
    000000EE 00                     283 	.db #0x00	; 0
    000000EF 00                     284 	.db #0x00	; 0
    000000F0 00                     285 	.db #0x00	; 0
    000000F1 00                     286 	.db #0x00	; 0
    000000F2 00                     287 	.db #0x00	; 0
    000000F3 00                     288 	.db #0x00	; 0
    000000F4 00                     289 	.db #0x00	; 0
    000000F5 00                     290 	.db #0x00	; 0
    000000F6 00                     291 	.db #0x00	; 0
    000000F7 00                     292 	.db #0x00	; 0
    000000F8 00                     293 	.db #0x00	; 0
    000000F9 00                     294 	.db #0x00	; 0
    000000FA 00                     295 	.db #0x00	; 0
    000000FB 00                     296 	.db #0x00	; 0
    000000FC 00                     297 	.db #0x00	; 0
    000000FD 00                     298 	.db #0x00	; 0
    000000FE 00                     299 	.db #0x00	; 0
    000000FF 00                     300 	.db #0x00	; 0
    00000100 00                     301 	.db #0x00	; 0
    00000101 00                     302 	.db #0x00	; 0
    00000102 00                     303 	.db #0x00	; 0
    00000103 00                     304 	.db #0x00	; 0
    00000104 00                     305 	.db #0x00	; 0
    00000105 00                     306 	.db #0x00	; 0
    00000106 00                     307 	.db #0x00	; 0
    00000107 00                     308 	.db #0x00	; 0
    00000108 03                     309 	.db #0x03	; 3
    00000109 03                     310 	.db #0x03	; 3
    0000010A 07                     311 	.db #0x07	; 7
    0000010B 07                     312 	.db #0x07	; 7
    0000010C 0F                     313 	.db #0x0f	; 15
    0000010D 0F                     314 	.db #0x0f	; 15
    0000010E 1F                     315 	.db #0x1f	; 31
    0000010F 1F                     316 	.db #0x1f	; 31
    00000110 00                     317 	.db #0x00	; 0
    00000111 00                     318 	.db #0x00	; 0
    00000112 06                     319 	.db #0x06	; 6
    00000113 06                     320 	.db #0x06	; 6
    00000114 0F                     321 	.db #0x0f	; 15
    00000115 0F                     322 	.db #0x0f	; 15
    00000116 0F                     323 	.db #0x0f	; 15
    00000117 0F                     324 	.db #0x0f	; 15
    00000118 06                     325 	.db #0x06	; 6
    00000119 06                     326 	.db #0x06	; 6
    0000011A FF                     327 	.db #0xff	; 255
    0000011B 80                     328 	.db #0x80	; 128
    0000011C FF                     329 	.db #0xff	; 255
    0000011D C0                     330 	.db #0xc0	; 192
    0000011E F4                     331 	.db #0xf4	; 244
    0000011F E0                     332 	.db #0xe0	; 224
    00000120 00                     333 	.db #0x00	; 0
    00000121 00                     334 	.db #0x00	; 0
    00000122 00                     335 	.db #0x00	; 0
    00000123 00                     336 	.db #0x00	; 0
    00000124 00                     337 	.db #0x00	; 0
    00000125 00                     338 	.db #0x00	; 0
    00000126 00                     339 	.db #0x00	; 0
    00000127 00                     340 	.db #0x00	; 0
    00000128 00                     341 	.db #0x00	; 0
    00000129 00                     342 	.db #0x00	; 0
    0000012A E0                     343 	.db #0xe0	; 224
    0000012B 00                     344 	.db #0x00	; 0
    0000012C F0                     345 	.db #0xf0	; 240
    0000012D 00                     346 	.db #0x00	; 0
    0000012E 98                     347 	.db #0x98	; 152
    0000012F 00                     348 	.db #0x00	; 0
    00000130 72                     349 	.db #0x72	; 114	'r'
    00000131 70                     350 	.db #0x70	; 112	'p'
    00000132 7F                     351 	.db #0x7f	; 127
    00000133 70                     352 	.db #0x70	; 112	'p'
    00000134 FF                     353 	.db #0xff	; 255
    00000135 E0                     354 	.db #0xe0	; 224
    00000136 E4                     355 	.db #0xe4	; 228
    00000137 E0                     356 	.db #0xe0	; 224
    00000138 FF                     357 	.db #0xff	; 255
    00000139 E0                     358 	.db #0xe0	; 224
    0000013A FF                     359 	.db #0xff	; 255
    0000013B E0                     360 	.db #0xe0	; 224
    0000013C E4                     361 	.db #0xe4	; 228
    0000013D E0                     362 	.db #0xe0	; 224
    0000013E FF                     363 	.db #0xff	; 255
    0000013F E0                     364 	.db #0xe0	; 224
    00000140 7D                     365 	.db #0x7d	; 125
    00000141 38                     366 	.db #0x38	; 56	'8'
    00000142 FF                     367 	.db #0xff	; 255
    00000143 38                     368 	.db #0x38	; 56	'8'
    00000144 FF                     369 	.db #0xff	; 255
    00000145 1C                     370 	.db #0x1c	; 28
    00000146 9E                     371 	.db #0x9e	; 158
    00000147 1C                     372 	.db #0x1c	; 28
    00000148 FE                     373 	.db #0xfe	; 254
    00000149 1C                     374 	.db #0x1c	; 28
    0000014A FE                     375 	.db #0xfe	; 254
    0000014B 1C                     376 	.db #0x1c	; 28
    0000014C 9E                     377 	.db #0x9e	; 158
    0000014D 1C                     378 	.db #0x1c	; 28
    0000014E FF                     379 	.db #0xff	; 255
    0000014F 1C                     380 	.db #0x1c	; 28
    00000150 FE                     381 	.db #0xfe	; 254
    00000151 78                     382 	.db #0x78	; 120	'x'
    00000152 FF                     383 	.db #0xff	; 255
    00000153 30                     384 	.db #0x30	; 48	'0'
    00000154 FF                     385 	.db #0xff	; 255
    00000155 00                     386 	.db #0x00	; 0
    00000156 93                     387 	.db #0x93	; 147
    00000157 00                     388 	.db #0x00	; 0
    00000158 93                     389 	.db #0x93	; 147
    00000159 00                     390 	.db #0x00	; 0
    0000015A 93                     391 	.db #0x93	; 147
    0000015B 00                     392 	.db #0x00	; 0
    0000015C 93                     393 	.db #0x93	; 147
    0000015D 00                     394 	.db #0x00	; 0
    0000015E FF                     395 	.db #0xff	; 255
    0000015F 00                     396 	.db #0x00	; 0
    00000160 00                     397 	.db #0x00	; 0
    00000161 00                     398 	.db #0x00	; 0
    00000162 00                     399 	.db #0x00	; 0
    00000163 00                     400 	.db #0x00	; 0
    00000164 00                     401 	.db #0x00	; 0
    00000165 00                     402 	.db #0x00	; 0
    00000166 00                     403 	.db #0x00	; 0
    00000167 00                     404 	.db #0x00	; 0
    00000168 03                     405 	.db #0x03	; 3
    00000169 03                     406 	.db #0x03	; 3
    0000016A 07                     407 	.db #0x07	; 7
    0000016B 07                     408 	.db #0x07	; 7
    0000016C 0F                     409 	.db #0x0f	; 15
    0000016D 0F                     410 	.db #0x0f	; 15
    0000016E 1F                     411 	.db #0x1f	; 31
    0000016F 1F                     412 	.db #0x1f	; 31
    00000170 00                     413 	.db #0x00	; 0
    00000171 00                     414 	.db #0x00	; 0
    00000172 00                     415 	.db #0x00	; 0
    00000173 00                     416 	.db #0x00	; 0
    00000174 00                     417 	.db #0x00	; 0
    00000175 00                     418 	.db #0x00	; 0
    00000176 00                     419 	.db #0x00	; 0
    00000177 00                     420 	.db #0x00	; 0
    00000178 F0                     421 	.db #0xf0	; 240
    00000179 00                     422 	.db #0x00	; 0
    0000017A C0                     423 	.db #0xc0	; 192
    0000017B 80                     424 	.db #0x80	; 128
    0000017C FE                     425 	.db #0xfe	; 254
    0000017D C0                     426 	.db #0xc0	; 192
    0000017E FE                     427 	.db #0xfe	; 254
    0000017F E0                     428 	.db #0xe0	; 224
    00000180 00                     429 	.db #0x00	; 0
    00000181 00                     430 	.db #0x00	; 0
    00000182 00                     431 	.db #0x00	; 0
    00000183 00                     432 	.db #0x00	; 0
    00000184 00                     433 	.db #0x00	; 0
    00000185 00                     434 	.db #0x00	; 0
    00000186 00                     435 	.db #0x00	; 0
    00000187 00                     436 	.db #0x00	; 0
    00000188 00                     437 	.db #0x00	; 0
    00000189 00                     438 	.db #0x00	; 0
    0000018A 00                     439 	.db #0x00	; 0
    0000018B 00                     440 	.db #0x00	; 0
    0000018C 00                     441 	.db #0x00	; 0
    0000018D 00                     442 	.db #0x00	; 0
    0000018E 00                     443 	.db #0x00	; 0
    0000018F 00                     444 	.db #0x00	; 0
    00000190 70                     445 	.db #0x70	; 112	'p'
    00000191 70                     446 	.db #0x70	; 112	'p'
    00000192 7C                     447 	.db #0x7c	; 124
    00000193 70                     448 	.db #0x70	; 112	'p'
    00000194 FC                     449 	.db #0xfc	; 252
    00000195 E0                     450 	.db #0xe0	; 224
    00000196 FC                     451 	.db #0xfc	; 252
    00000197 E0                     452 	.db #0xe0	; 224
    00000198 FC                     453 	.db #0xfc	; 252
    00000199 E0                     454 	.db #0xe0	; 224
    0000019A E0                     455 	.db #0xe0	; 224
    0000019B E0                     456 	.db #0xe0	; 224
    0000019C F8                     457 	.db #0xf8	; 248
    0000019D E0                     458 	.db #0xe0	; 224
    0000019E F8                     459 	.db #0xf8	; 248
    0000019F E0                     460 	.db #0xe0	; 224
    000001A0 3C                     461 	.db #0x3c	; 60
    000001A1 38                     462 	.db #0x38	; 56	'8'
    000001A2 3F                     463 	.db #0x3f	; 63
    000001A3 38                     464 	.db #0x38	; 56	'8'
    000001A4 1F                     465 	.db #0x1f	; 31
    000001A5 1C                     466 	.db #0x1c	; 28
    000001A6 1F                     467 	.db #0x1f	; 31
    000001A7 1C                     468 	.db #0x1c	; 28
    000001A8 1F                     469 	.db #0x1f	; 31
    000001A9 1C                     470 	.db #0x1c	; 28
    000001AA 1E                     471 	.db #0x1e	; 30
    000001AB 1C                     472 	.db #0x1c	; 28
    000001AC 1F                     473 	.db #0x1f	; 31
    000001AD 1C                     474 	.db #0x1c	; 28
    000001AE 1F                     475 	.db #0x1f	; 31
    000001AF 1C                     476 	.db #0x1c	; 28
    000001B0 00                     477 	.db #0x00	; 0
    000001B1 00                     478 	.db #0x00	; 0
    000001B2 F0                     479 	.db #0xf0	; 240
    000001B3 00                     480 	.db #0x00	; 0
    000001B4 F0                     481 	.db #0xf0	; 240
    000001B5 00                     482 	.db #0x00	; 0
    000001B6 F0                     483 	.db #0xf0	; 240
    000001B7 00                     484 	.db #0x00	; 0
    000001B8 F0                     485 	.db #0xf0	; 240
    000001B9 00                     486 	.db #0x00	; 0
    000001BA 00                     487 	.db #0x00	; 0
    000001BB 00                     488 	.db #0x00	; 0
    000001BC F8                     489 	.db #0xf8	; 248
    000001BD 00                     490 	.db #0x00	; 0
    000001BE F8                     491 	.db #0xf8	; 248
    000001BF 00                     492 	.db #0x00	; 0
    000001C0 00                     493 	.db #0x00	; 0
    000001C1 00                     494 	.db #0x00	; 0
    000001C2 00                     495 	.db #0x00	; 0
    000001C3 00                     496 	.db #0x00	; 0
    000001C4 00                     497 	.db #0x00	; 0
    000001C5 00                     498 	.db #0x00	; 0
    000001C6 00                     499 	.db #0x00	; 0
    000001C7 00                     500 	.db #0x00	; 0
    000001C8 00                     501 	.db #0x00	; 0
    000001C9 00                     502 	.db #0x00	; 0
    000001CA 00                     503 	.db #0x00	; 0
    000001CB 00                     504 	.db #0x00	; 0
    000001CC 02                     505 	.db #0x02	; 2
    000001CD 02                     506 	.db #0x02	; 2
    000001CE 00                     507 	.db #0x00	; 0
    000001CF 00                     508 	.db #0x00	; 0
    000001D0 00                     509 	.db #0x00	; 0
    000001D1 00                     510 	.db #0x00	; 0
    000001D2 00                     511 	.db #0x00	; 0
    000001D3 00                     512 	.db #0x00	; 0
    000001D4 00                     513 	.db #0x00	; 0
    000001D5 00                     514 	.db #0x00	; 0
    000001D6 00                     515 	.db #0x00	; 0
    000001D7 00                     516 	.db #0x00	; 0
    000001D8 00                     517 	.db #0x00	; 0
    000001D9 00                     518 	.db #0x00	; 0
    000001DA 00                     519 	.db #0x00	; 0
    000001DB 00                     520 	.db #0x00	; 0
    000001DC 00                     521 	.db #0x00	; 0
    000001DD 00                     522 	.db #0x00	; 0
    000001DE 18                     523 	.db #0x18	; 24
    000001DF 18                     524 	.db #0x18	; 24
    000001E0 00                     525 	.db #0x00	; 0
    000001E1 00                     526 	.db #0x00	; 0
    000001E2 00                     527 	.db #0x00	; 0
    000001E3 00                     528 	.db #0x00	; 0
    000001E4 00                     529 	.db #0x00	; 0
    000001E5 30                     530 	.db #0x30	; 48	'0'
    000001E6 00                     531 	.db #0x00	; 0
    000001E7 31                     532 	.db #0x31	; 49	'1'
    000001E8 00                     533 	.db #0x00	; 0
    000001E9 07                     534 	.db #0x07	; 7
    000001EA 00                     535 	.db #0x00	; 0
    000001EB 0F                     536 	.db #0x0f	; 15
    000001EC 00                     537 	.db #0x00	; 0
    000001ED 0F                     538 	.db #0x0f	; 15
    000001EE 00                     539 	.db #0x00	; 0
    000001EF 1E                     540 	.db #0x1e	; 30
    000001F0 00                     541 	.db #0x00	; 0
    000001F1 07                     542 	.db #0x07	; 7
    000001F2 00                     543 	.db #0x00	; 0
    000001F3 18                     544 	.db #0x18	; 24
    000001F4 00                     545 	.db #0x00	; 0
    000001F5 20                     546 	.db #0x20	; 32
    000001F6 00                     547 	.db #0x00	; 0
    000001F7 40                     548 	.db #0x40	; 64
    000001F8 00                     549 	.db #0x00	; 0
    000001F9 40                     550 	.db #0x40	; 64
    000001FA 00                     551 	.db #0x00	; 0
    000001FB 84                     552 	.db #0x84	; 132
    000001FC 00                     553 	.db #0x00	; 0
    000001FD 80                     554 	.db #0x80	; 128
    000001FE 00                     555 	.db #0x00	; 0
    000001FF 80                     556 	.db #0x80	; 128
                                    557 	.area _INITIALIZER
                                    558 	.area _CABS (ABS)
