                                      1 ;--------------------------------------------------------
                                      2 ; File Created by SDCC : free open source ISO C Compiler
                                      3 ; Version 4.5.1 #15267 (MINGW64)
                                      4 ;--------------------------------------------------------
                                      5 	.module stereomadness_sprites
                                      6 	
                                      7 ;--------------------------------------------------------
                                      8 ; Public variables in this module
                                      9 ;--------------------------------------------------------
                                     10 	.globl _stereomadness_sprites_placements
                                     11 ;--------------------------------------------------------
                                     12 ; special function registers
                                     13 ;--------------------------------------------------------
                                     14 	.area _HRAM
                                     15 ;--------------------------------------------------------
                                     16 ; ram data
                                     17 ;--------------------------------------------------------
                                     18 	.area _DATA
                                     19 ;--------------------------------------------------------
                                     20 ; ram data
                                     21 ;--------------------------------------------------------
                                     22 	.area _INITIALIZED
                                     23 ;--------------------------------------------------------
                                     24 ; absolute external ram data
                                     25 ;--------------------------------------------------------
                                     26 	.area _DABS (ABS)
                                     27 ;--------------------------------------------------------
                                     28 ; global & static initialisations
                                     29 ;--------------------------------------------------------
                                     30 	.area _HOME
                                     31 	.area _GSINIT
                                     32 	.area _GSFINAL
                                     33 	.area _GSINIT
                                     34 ;--------------------------------------------------------
                                     35 ; Home
                                     36 ;--------------------------------------------------------
                                     37 	.area _HOME
                                     38 	.area _HOME
                                     39 ;--------------------------------------------------------
                                     40 ; code
                                     41 ;--------------------------------------------------------
                                     42 	.area _CODE
                                     43 	.area _CODE
    00000000                         44 _stereomadness_sprites_placements:
    00000000 D0 32                   45 	.dw #0x32d0
    00000002 A0 00                   46 	.dw #0x00a0
    00000004 95                      47 	.db #0x95	; 149
    00000005 E0 32                   48 	.dw #0x32e0
    00000007 A0 00                   49 	.dw #0x00a0
    00000009 CF                      50 	.db #0xcf	; 207
    0000000A 20 35                   51 	.dw #0x3520
    0000000C D0 00                   52 	.dw #0x00d0
    0000000E 32                      53 	.db #0x32	; 50	'2'
    0000000F 60 35                   54 	.dw #0x3560
    00000011 D0 00                   55 	.dw #0x00d0
    00000013 32                      56 	.db #0x32	; 50	'2'
    00000014 A0 35                   57 	.dw #0x35a0
    00000016 D0 00                   58 	.dw #0x00d0
    00000018 32                      59 	.db #0x32	; 50	'2'
    00000019 B0 33                   60 	.dw #0x33b0
    0000001B E0 00                   61 	.dw #0x00e0
    0000001D 32                      62 	.db #0x32	; 50	'2'
    0000001E D0 33                   63 	.dw #0x33d0
    00000020 E0 00                   64 	.dw #0x00e0
    00000022 32                      65 	.db #0x32	; 50	'2'
    00000023 F0 33                   66 	.dw #0x33f0
    00000025 E0 00                   67 	.dw #0x00e0
    00000027 32                      68 	.db #0x32	; 50	'2'
    00000028 10 34                   69 	.dw #0x3410
    0000002A E0 00                   70 	.dw #0x00e0
    0000002C 2C                      71 	.db #0x2c	; 44
    0000002D 50 34                   72 	.dw #0x3450
    0000002F E0 00                   73 	.dw #0x00e0
    00000031 3C                      74 	.db #0x3c	; 60
    00000032 A0 34                   75 	.dw #0x34a0
    00000034 E0 00                   76 	.dw #0x00e0
    00000036 2C                      77 	.db #0x2c	; 44
    00000037 E0 34                   78 	.dw #0x34e0
    00000039 E0 00                   79 	.dw #0x00e0
    0000003B 2C                      80 	.db #0x2c	; 44
    0000003C B0 36                   81 	.dw #0x36b0
    0000003E E0 00                   82 	.dw #0x00e0
    00000040 1B                      83 	.db #0x1b	; 27
    00000041 C0 31                   84 	.dw #0x31c0
    00000043 F0 00                   85 	.dw #0x00f0
    00000045 01                      86 	.db #0x01	; 1
    00000046 10 33                   87 	.dw #0x3310
    00000048 F0 00                   88 	.dw #0x00f0
    0000004A 2A                      89 	.db #0x2a	; 42
    0000004B 30 33                   90 	.dw #0x3330
    0000004D F0 00                   91 	.dw #0x00f0
    0000004F 2A                      92 	.db #0x2a	; 42
    00000050 50 33                   93 	.dw #0x3350
    00000052 F0 00                   94 	.dw #0x00f0
    00000054 2A                      95 	.db #0x2a	; 42
    00000055 A0 36                   96 	.dw #0x36a0
    00000057 F0 00                   97 	.dw #0x00f0
    00000059 2B                      98 	.db #0x2b	; 43
    0000005A B0 36                   99 	.dw #0x36b0
    0000005C F0 00                  100 	.dw #0x00f0
    0000005E 2C                     101 	.db #0x2c	; 44
    0000005F D0 37                  102 	.dw #0x37d0
    00000061 F0 00                  103 	.dw #0x00f0
    00000063 0F                     104 	.db #0x0f	; 15
    00000064 00 1C                  105 	.dw #0x1c00
    00000066 00 01                  106 	.dw #0x0100
    00000068 2D                     107 	.db #0x2d	; 45
    00000069 20 1C                  108 	.dw #0x1c20
    0000006B 00 01                  109 	.dw #0x0100
    0000006D 2D                     110 	.db #0x2d	; 45
    0000006E 30 1E                  111 	.dw #0x1e30
    00000070 10 01                  112 	.dw #0x0110
    00000072 2B                     113 	.db #0x2b	; 43
    00000073 80 32                  114 	.dw #0x3280
    00000075 10 01                  115 	.dw #0x0110
    00000077 2F                     116 	.db #0x2f	; 47
    00000078 10 33                  117 	.dw #0x3310
    0000007A 10 01                  118 	.dw #0x0110
    0000007C 2F                     119 	.db #0x2f	; 47
    0000007D 80 33                  120 	.dw #0x3380
    0000007F 10 01                  121 	.dw #0x0110
    00000081 31                     122 	.db #0x31	; 49	'1'
    00000082 F0 35                  123 	.dw #0x35f0
    00000084 10 01                  124 	.dw #0x0110
    00000086 2F                     125 	.db #0x2f	; 47
    00000087 B0 10                  126 	.dw #0x10b0
    00000089 20 01                  127 	.dw #0x0120
    0000008B 39                     128 	.db #0x39	; 57	'9'
    0000008C A0 13                  129 	.dw #0x13a0
    0000008E 20 01                  130 	.dw #0x0120
    00000090 3C                     131 	.db #0x3c	; 60
    00000091 90 14                  132 	.dw #0x1490
    00000093 20 01                  133 	.dw #0x0120
    00000095 3C                     134 	.db #0x3c	; 60
    00000096 30 19                  135 	.dw #0x1930
    00000098 20 01                  136 	.dw #0x0120
    0000009A 38                     137 	.db #0x38	; 56	'8'
    0000009B F0 1D                  138 	.dw #0x1df0
    0000009D 20 01                  139 	.dw #0x0120
    0000009F 2B                     140 	.db #0x2b	; 43
    000000A0 D0 2F                  141 	.dw #0x2fd0
    000000A2 20 01                  142 	.dw #0x0120
    000000A4 3F                     143 	.db #0x3f	; 63
    000000A5 90 30                  144 	.dw #0x3090
    000000A7 20 01                  145 	.dw #0x0120
    000000A9 3C                     146 	.db #0x3c	; 60
    000000AA 20 31                  147 	.dw #0x3120
    000000AC 20 01                  148 	.dw #0x0120
    000000AE 3C                     149 	.db #0x3c	; 60
    000000AF 40 32                  150 	.dw #0x3240
    000000B1 20 01                  151 	.dw #0x0120
    000000B3 3C                     152 	.db #0x3c	; 60
    000000B4 20 36                  153 	.dw #0x3620
    000000B6 20 01                  154 	.dw #0x0120
    000000B8 38                     155 	.db #0x38	; 56	'8'
    000000B9 00 37                  156 	.dw #0x3700
    000000BB 20 01                  157 	.dw #0x0120
    000000BD 39                     158 	.db #0x39	; 57	'9'
    000000BE B0 10                  159 	.dw #0x10b0
    000000C0 30 01                  160 	.dw #0x0130
    000000C2 39                     161 	.db #0x39	; 57	'9'
    000000C3 30 16                  162 	.dw #0x1630
    000000C5 30 01                  163 	.dw #0x0130
    000000C7 3C                     164 	.db #0x3c	; 60
    000000C8 30 19                  165 	.dw #0x1930
    000000CA 30 01                  166 	.dw #0x0130
    000000CC 38                     167 	.db #0x38	; 56	'8'
    000000CD 30 1A                  168 	.dw #0x1a30
    000000CF 30 01                  169 	.dw #0x0130
    000000D1 39                     170 	.db #0x39	; 57	'9'
    000000D2 B0 1D                  171 	.dw #0x1db0
    000000D4 30 01                  172 	.dw #0x0130
    000000D6 2B                     173 	.db #0x2b	; 43
    000000D7 60 29                  174 	.dw #0x2960
    000000D9 30 01                  175 	.dw #0x0130
    000000DB 2D                     176 	.db #0x2d	; 45
    000000DC D0 2F                  177 	.dw #0x2fd0
    000000DE 30 01                  178 	.dw #0x0130
    000000E0 3F                     179 	.db #0x3f	; 63
    000000E1 20 36                  180 	.dw #0x3620
    000000E3 30 01                  181 	.dw #0x0130
    000000E5 38                     182 	.db #0x38	; 56	'8'
    000000E6 00 37                  183 	.dw #0x3700
    000000E8 30 01                  184 	.dw #0x0130
    000000EA 3F                     185 	.db #0x3f	; 63
    000000EB A0 10                  186 	.dw #0x10a0
    000000ED 40 01                  187 	.dw #0x0140
    000000EF 01                     188 	.db #0x01	; 1
    000000F0 D0 12                  189 	.dw #0x12d0
    000000F2 40 01                  190 	.dw #0x0140
    000000F4 3C                     191 	.db #0x3c	; 60
    000000F5 70 1D                  192 	.dw #0x1d70
    000000F7 40 01                  193 	.dw #0x0140
    000000F9 2B                     194 	.db #0x2b	; 43
    000000FA A0 22                  195 	.dw #0x22a0
    000000FC 40 01                  196 	.dw #0x0140
    000000FE 2D                     197 	.db #0x2d	; 45
    000000FF B0 22                  198 	.dw #0x22b0
    00000101 40 01                  199 	.dw #0x0140
    00000103 2D                     200 	.db #0x2d	; 45
    00000104 20 23                  201 	.dw #0x2320
    00000106 40 01                  202 	.dw #0x0140
    00000108 2D                     203 	.db #0x2d	; 45
    00000109 40 23                  204 	.dw #0x2340
    0000010B 40 01                  205 	.dw #0x0140
    0000010D 2D                     206 	.db #0x2d	; 45
    0000010E A0 23                  207 	.dw #0x23a0
    00000110 40 01                  208 	.dw #0x0140
    00000112 2D                     209 	.db #0x2d	; 45
    00000113 10 24                  210 	.dw #0x2410
    00000115 40 01                  211 	.dw #0x0140
    00000117 2D                     212 	.db #0x2d	; 45
    00000118 80 29                  213 	.dw #0x2980
    0000011A 40 01                  214 	.dw #0x0140
    0000011C 2D                     215 	.db #0x2d	; 45
    0000011D E0 29                  216 	.dw #0x29e0
    0000011F 40 01                  217 	.dw #0x0140
    00000121 1A                     218 	.db #0x1a	; 26
    00000122 A0 2B                  219 	.dw #0x2ba0
    00000124 40 01                  220 	.dw #0x0140
    00000126 2D                     221 	.db #0x2d	; 45
    00000127 B0 2B                  222 	.dw #0x2bb0
    00000129 40 01                  223 	.dw #0x0140
    0000012B 2D                     224 	.db #0x2d	; 45
    0000012C C0 2B                  225 	.dw #0x2bc0
    0000012E 40 01                  226 	.dw #0x0140
    00000130 2D                     227 	.db #0x2d	; 45
    00000131 00 09                  228 	.dw #0x0900
    00000133 50 01                  229 	.dw #0x0150
    00000135 3C                     230 	.db #0x3c	; 60
    00000136 A0 0E                  231 	.dw #0x0ea0
    00000138 50 01                  232 	.dw #0x0150
    0000013A 3C                     233 	.db #0x3c	; 60
    0000013B 70 18                  234 	.dw #0x1870
    0000013D 50 01                  235 	.dw #0x0150
    0000013F 3C                     236 	.db #0x3c	; 60
    00000140 20 1A                  237 	.dw #0x1a20
    00000142 50 01                  238 	.dw #0x0150
    00000144 00                     239 	.db #0x00	; 0
    00000145 30 1D                  240 	.dw #0x1d30
    00000147 50 01                  241 	.dw #0x0150
    00000149 2B                     242 	.db #0x2b	; 43
    0000014A A0 29                  243 	.dw #0x29a0
    0000014C 50 01                  244 	.dw #0x0150
    0000014E 2D                     245 	.db #0x2d	; 45
    0000014F C0 2F                  246 	.dw #0x2fc0
    00000151 50 01                  247 	.dw #0x0150
    00000153 01                     248 	.db #0x01	; 1
    00000154 D0 37                  249 	.dw #0x37d0
    00000156 50 01                  250 	.dw #0x0150
    00000158 0F                     251 	.db #0x0f	; 15
    00000159 C0 08                  252 	.dw #0x08c0
    0000015B 60 01                  253 	.dw #0x0160
    0000015D 3C                     254 	.db #0x3c	; 60
    0000015E 60 0E                  255 	.dw #0x0e60
    00000160 60 01                  256 	.dw #0x0160
    00000162 3C                     257 	.db #0x3c	; 60
    00000163 C0 0E                  258 	.dw #0x0ec0
    00000165 60 01                  259 	.dw #0x0160
    00000167 2A                     260 	.db #0x2a	; 42
    00000168 F0 1C                  261 	.dw #0x1cf0
    0000016A 60 01                  262 	.dw #0x0160
    0000016C 2B                     263 	.db #0x2b	; 43
    0000016D 80 25                  264 	.dw #0x2580
    0000016F 60 01                  265 	.dw #0x0160
    00000171 2B                     266 	.db #0x2b	; 43
    00000172 A0 03                  267 	.dw #0x03a0
    00000174 70 01                  268 	.dw #0x0170
    00000176 2B                     269 	.db #0x2b	; 43
    00000177 80 08                  270 	.dw #0x0880
    00000179 70 01                  271 	.dw #0x0170
    0000017B 3C                     272 	.db #0x3c	; 60
    0000017C 20 0E                  273 	.dw #0x0e20
    0000017E 70 01                  274 	.dw #0x0170
    00000180 3C                     275 	.db #0x3c	; 60
    00000181 B0 10                  276 	.dw #0x10b0
    00000183 70 01                  277 	.dw #0x0170
    00000185 39                     278 	.db #0x39	; 57	'9'
    00000186 80 17                  279 	.dw #0x1780
    00000188 70 01                  280 	.dw #0x0170
    0000018A 2C                     281 	.db #0x2c	; 44
    0000018B B0 1C                  282 	.dw #0x1cb0
    0000018D 70 01                  283 	.dw #0x0170
    0000018F 2B                     284 	.db #0x2b	; 43
    00000190 40 1F                  285 	.dw #0x1f40
    00000192 70 01                  286 	.dw #0x0170
    00000194 38                     287 	.db #0x38	; 56	'8'
    00000195 80 1F                  288 	.dw #0x1f80
    00000197 70 01                  289 	.dw #0x0170
    00000199 39                     290 	.db #0x39	; 57	'9'
    0000019A 40 25                  291 	.dw #0x2540
    0000019C 70 01                  292 	.dw #0x0170
    0000019E 2B                     293 	.db #0x2b	; 43
    0000019F B0 25                  294 	.dw #0x25b0
    000001A1 70 01                  295 	.dw #0x0170
    000001A3 2C                     296 	.db #0x2c	; 44
    000001A4 D0 26                  297 	.dw #0x26d0
    000001A6 70 01                  298 	.dw #0x0170
    000001A8 2D                     299 	.db #0x2d	; 45
    000001A9 00 27                  300 	.dw #0x2700
    000001AB 70 01                  301 	.dw #0x0170
    000001AD 2D                     302 	.db #0x2d	; 45
    000001AE 20 29                  303 	.dw #0x2920
    000001B0 70 01                  304 	.dw #0x0170
    000001B2 3C                     305 	.db #0x3c	; 60
    000001B3 40 2F                  306 	.dw #0x2f40
    000001B5 70 01                  307 	.dw #0x0170
    000001B7 2B                     308 	.db #0x2b	; 43
    000001B8 60 03                  309 	.dw #0x0360
    000001BA 80 01                  310 	.dw #0x0180
    000001BC 2B                     311 	.db #0x2b	; 43
    000001BD 40 08                  312 	.dw #0x0840
    000001BF 80 01                  313 	.dw #0x0180
    000001C1 3C                     314 	.db #0x3c	; 60
    000001C2 E0 0D                  315 	.dw #0x0de0
    000001C4 80 01                  316 	.dw #0x0180
    000001C6 3C                     317 	.db #0x3c	; 60
    000001C7 B0 10                  318 	.dw #0x10b0
    000001C9 80 01                  319 	.dw #0x0180
    000001CB 39                     320 	.db #0x39	; 57	'9'
    000001CC 60 15                  321 	.dw #0x1560
    000001CE 80 01                  322 	.dw #0x0180
    000001D0 2C                     323 	.db #0x2c	; 44
    000001D1 20 17                  324 	.dw #0x1720
    000001D3 80 01                  325 	.dw #0x0180
    000001D5 2C                     326 	.db #0x2c	; 44
    000001D6 30 19                  327 	.dw #0x1930
    000001D8 80 01                  328 	.dw #0x0180
    000001DA 38                     329 	.db #0x38	; 56	'8'
    000001DB 00 1B                  330 	.dw #0x1b00
    000001DD 80 01                  331 	.dw #0x0180
    000001DF 2C                     332 	.db #0x2c	; 44
    000001E0 10 1C                  333 	.dw #0x1c10
    000001E2 80 01                  334 	.dw #0x0180
    000001E4 07                     335 	.db #0x07	; 7
    000001E5 70 1C                  336 	.dw #0x1c70
    000001E7 80 01                  337 	.dw #0x0180
    000001E9 2B                     338 	.db #0x2b	; 43
    000001EA 40 1F                  339 	.dw #0x1f40
    000001EC 80 01                  340 	.dw #0x0180
    000001EE 38                     341 	.db #0x38	; 56	'8'
    000001EF 80 1F                  342 	.dw #0x1f80
    000001F1 80 01                  343 	.dw #0x0180
    000001F3 39                     344 	.db #0x39	; 57	'9'
    000001F4 A0 1F                  345 	.dw #0x1fa0
    000001F6 80 01                  346 	.dw #0x0180
    000001F8 38                     347 	.db #0x38	; 56	'8'
    000001F9 00 25                  348 	.dw #0x2500
    000001FB 80 01                  349 	.dw #0x0180
    000001FD 2B                     350 	.db #0x2b	; 43
    000001FE D0 25                  351 	.dw #0x25d0
    00000200 80 01                  352 	.dw #0x0180
    00000202 2C                     353 	.db #0x2c	; 44
    00000203 E0 28                  354 	.dw #0x28e0
    00000205 80 01                  355 	.dw #0x0180
    00000207 3C                     356 	.db #0x3c	; 60
    00000208 60 2D                  357 	.dw #0x2d60
    0000020A 80 01                  358 	.dw #0x0180
    0000020C 2D                     359 	.db #0x2d	; 45
    0000020D 40 2E                  360 	.dw #0x2e40
    0000020F 80 01                  361 	.dw #0x0180
    00000211 2B                     362 	.db #0x2b	; 43
    00000212 80 2E                  363 	.dw #0x2e80
    00000214 80 01                  364 	.dw #0x0180
    00000216 2B                     365 	.db #0x2b	; 43
    00000217 B0 2E                  366 	.dw #0x2eb0
    00000219 80 01                  367 	.dw #0x0180
    0000021B 2B                     368 	.db #0x2b	; 43
    0000021C D0 2F                  369 	.dw #0x2fd0
    0000021E 80 01                  370 	.dw #0x0180
    00000220 3F                     371 	.db #0x3f	; 63
    00000221 20 36                  372 	.dw #0x3620
    00000223 80 01                  373 	.dw #0x0180
    00000225 38                     374 	.db #0x38	; 56	'8'
    00000226 00 37                  375 	.dw #0x3700
    00000228 80 01                  376 	.dw #0x0180
    0000022A 3F                     377 	.db #0x3f	; 63
    0000022B 20 03                  378 	.dw #0x0320
    0000022D 90 01                  379 	.dw #0x0190
    0000022F 2B                     380 	.db #0x2b	; 43
    00000230 C0 03                  381 	.dw #0x03c0
    00000232 90 01                  382 	.dw #0x0190
    00000234 91                     383 	.db #0x91	; 145
    00000235 B0 06                  384 	.dw #0x06b0
    00000237 90 01                  385 	.dw #0x0190
    00000239 93                     386 	.db #0x93	; 147
    0000023A 00 08                  387 	.dw #0x0800
    0000023C 90 01                  388 	.dw #0x0190
    0000023E 3C                     389 	.db #0x3c	; 60
    0000023F A0 0D                  390 	.dw #0x0da0
    00000241 90 01                  391 	.dw #0x0190
    00000243 3C                     392 	.db #0x3c	; 60
    00000244 20 10                  393 	.dw #0x1020
    00000246 90 01                  394 	.dw #0x0190
    00000248 92                     395 	.db #0x92	; 146
    00000249 90 10                  396 	.dw #0x1090
    0000024B 90 01                  397 	.dw #0x0190
    0000024D 82                     398 	.db #0x82	; 130
    0000024E F0 10                  399 	.dw #0x10f0
    00000250 90 01                  400 	.dw #0x0190
    00000252 8F                     401 	.db #0x8f	; 143
    00000253 40 11                  402 	.dw #0x1140
    00000255 90 01                  403 	.dw #0x0190
    00000257 86                     404 	.db #0x86	; 134
    00000258 60 11                  405 	.dw #0x1160
    0000025A 90 01                  406 	.dw #0x0190
    0000025C 96                     407 	.db #0x96	; 150
    0000025D A0 13                  408 	.dw #0x13a0
    0000025F 90 01                  409 	.dw #0x0190
    00000261 2C                     410 	.db #0x2c	; 44
    00000262 90 14                  411 	.dw #0x1490
    00000264 90 01                  412 	.dw #0x0190
    00000266 2C                     413 	.db #0x2c	; 44
    00000267 C0 16                  414 	.dw #0x16c0
    00000269 90 01                  415 	.dw #0x0190
    0000026B 2C                     416 	.db #0x2c	; 44
    0000026C 30 19                  417 	.dw #0x1930
    0000026E 90 01                  418 	.dw #0x0190
    00000270 38                     419 	.db #0x38	; 56	'8'
    00000271 C0 1A                  420 	.dw #0x1ac0
    00000273 90 01                  421 	.dw #0x0190
    00000275 94                     422 	.db #0x94	; 148
    00000276 E0 1A                  423 	.dw #0x1ae0
    00000278 90 01                  424 	.dw #0x0190
    0000027A 93                     425 	.db #0x93	; 147
    0000027B A0 1F                  426 	.dw #0x1fa0
    0000027D 90 01                  427 	.dw #0x0190
    0000027F 38                     428 	.db #0x38	; 56	'8'
    00000280 90 20                  429 	.dw #0x2090
    00000282 90 01                  430 	.dw #0x0190
    00000284 94                     431 	.db #0x94	; 148
    00000285 B0 20                  432 	.dw #0x20b0
    00000287 90 01                  433 	.dw #0x0190
    00000289 96                     434 	.db #0x96	; 150
    0000028A C0 24                  435 	.dw #0x24c0
    0000028C 90 01                  436 	.dw #0x0190
    0000028E 2B                     437 	.db #0x2b	; 43
    0000028F F0 25                  438 	.dw #0x25f0
    00000291 90 01                  439 	.dw #0x0190
    00000293 2C                     440 	.db #0x2c	; 44
    00000294 60 27                  441 	.dw #0x2760
    00000296 90 01                  442 	.dw #0x0190
    00000298 2A                     443 	.db #0x2a	; 42
    00000299 A0 28                  444 	.dw #0x28a0
    0000029B 90 01                  445 	.dw #0x0190
    0000029D 3C                     446 	.db #0x3c	; 60
    0000029E 80 2C                  447 	.dw #0x2c80
    000002A0 90 01                  448 	.dw #0x0190
    000002A2 2D                     449 	.db #0x2d	; 45
    000002A3 10 2D                  450 	.dw #0x2d10
    000002A5 90 01                  451 	.dw #0x0190
    000002A7 2D                     452 	.db #0x2d	; 45
    000002A8 D0 2F                  453 	.dw #0x2fd0
    000002AA 90 01                  454 	.dw #0x0190
    000002AC 3F                     455 	.db #0x3f	; 63
    000002AD 60 30                  456 	.dw #0x3060
    000002AF 90 01                  457 	.dw #0x0190
    000002B1 95                     458 	.db #0x95	; 149
    000002B2 80 30                  459 	.dw #0x3080
    000002B4 90 01                  460 	.dw #0x0190
    000002B6 94                     461 	.db #0x94	; 148
    000002B7 90 30                  462 	.dw #0x3090
    000002B9 90 01                  463 	.dw #0x0190
    000002BB 2C                     464 	.db #0x2c	; 44
    000002BC 20 31                  465 	.dw #0x3120
    000002BE 90 01                  466 	.dw #0x0190
    000002C0 2C                     467 	.db #0x2c	; 44
    000002C1 B0 31                  468 	.dw #0x31b0
    000002C3 90 01                  469 	.dw #0x0190
    000002C5 2C                     470 	.db #0x2c	; 44
    000002C6 40 32                  471 	.dw #0x3240
    000002C8 90 01                  472 	.dw #0x0190
    000002CA 2C                     473 	.db #0x2c	; 44
    000002CB 20 36                  474 	.dw #0x3620
    000002CD 90 01                  475 	.dw #0x0190
    000002CF 38                     476 	.db #0x38	; 56	'8'
    000002D0 00 37                  477 	.dw #0x3700
    000002D2 90 01                  478 	.dw #0x0190
    000002D4 39                     479 	.db #0x39	; 57	'9'
    000002D5 50 03                  480 	.dw #0x0350
    000002D7 A0 01                  481 	.dw #0x01a0
    000002D9 30                     482 	.db #0x30	; 48	'0'
    000002DA 90 03                  483 	.dw #0x0390
    000002DC A0 01                  484 	.dw #0x01a0
    000002DE 2E                     485 	.db #0x2e	; 46
    000002DF C0 03                  486 	.dw #0x03c0
    000002E1 A0 01                  487 	.dw #0x01a0
    000002E3 C1                     488 	.db #0xc1	; 193
    000002E4 00 06                  489 	.dw #0x0600
    000002E6 A0 01                  490 	.dw #0x01a0
    000002E8 30                     491 	.db #0x30	; 48	'0'
    000002E9 B0 06                  492 	.dw #0x06b0
    000002EB A0 01                  493 	.dw #0x01a0
    000002ED C3                     494 	.db #0xc3	; 195
    000002EE D0 06                  495 	.dw #0x06d0
    000002F0 A0 01                  496 	.dw #0x01a0
    000002F2 30                     497 	.db #0x30	; 48	'0'
    000002F3 F0 07                  498 	.dw #0x07f0
    000002F5 A0 01                  499 	.dw #0x01a0
    000002F7 2E                     500 	.db #0x2e	; 46
    000002F8 60 08                  501 	.dw #0x0860
    000002FA A0 01                  502 	.dw #0x01a0
    000002FC 30                     503 	.db #0x30	; 48	'0'
    000002FD F0 08                  504 	.dw #0x08f0
    000002FF A0 01                  505 	.dw #0x01a0
    00000301 2E                     506 	.db #0x2e	; 46
    00000302 50 09                  507 	.dw #0x0950
    00000304 A0 01                  508 	.dw #0x01a0
    00000306 30                     509 	.db #0x30	; 48	'0'
    00000307 40 0C                  510 	.dw #0x0c40
    00000309 A0 01                  511 	.dw #0x01a0
    0000030B 2E                     512 	.db #0x2e	; 46
    0000030C A0 0C                  513 	.dw #0x0ca0
    0000030E A0 01                  514 	.dw #0x01a0
    00000310 30                     515 	.db #0x30	; 48	'0'
    00000311 D0 0C                  516 	.dw #0x0cd0
    00000313 A0 01                  517 	.dw #0x01a0
    00000315 2E                     518 	.db #0x2e	; 46
    00000316 20 0D                  519 	.dw #0x0d20
    00000318 A0 01                  520 	.dw #0x01a0
    0000031A 30                     521 	.db #0x30	; 48	'0'
    0000031B 60 0D                  522 	.dw #0x0d60
    0000031D A0 01                  523 	.dw #0x01a0
    0000031F 30                     524 	.db #0x30	; 48	'0'
    00000320 A0 0D                  525 	.dw #0x0da0
    00000322 A0 01                  526 	.dw #0x01a0
    00000324 2E                     527 	.db #0x2e	; 46
    00000325 70 0E                  528 	.dw #0x0e70
    00000327 A0 01                  529 	.dw #0x01a0
    00000329 2E                     530 	.db #0x2e	; 46
    0000032A D0 0E                  531 	.dw #0x0ed0
    0000032C A0 01                  532 	.dw #0x01a0
    0000032E 30                     533 	.db #0x30	; 48	'0'
    0000032F 20 10                  534 	.dw #0x1020
    00000331 A0 01                  535 	.dw #0x01a0
    00000333 C2                     536 	.db #0xc2	; 194
    00000334 90 10                  537 	.dw #0x1090
    00000336 A0 01                  538 	.dw #0x01a0
    00000338 C2                     539 	.db #0xc2	; 194
    00000339 F0 10                  540 	.dw #0x10f0
    0000033B A0 01                  541 	.dw #0x01a0
    0000033D CF                     542 	.db #0xcf	; 207
    0000033E 40 11                  543 	.dw #0x1140
    00000340 A0 01                  544 	.dw #0x01a0
    00000342 C6                     545 	.db #0xc6	; 198
    00000343 80 11                  546 	.dw #0x1180
    00000345 A0 01                  547 	.dw #0x01a0
    00000347 2A                     548 	.db #0x2a	; 42
    00000348 C0 11                  549 	.dw #0x11c0
    0000034A A0 01                  550 	.dw #0x01a0
    0000034C 2B                     551 	.db #0x2b	; 43
    0000034D 00 12                  552 	.dw #0x1200
    0000034F A0 01                  553 	.dw #0x01a0
    00000351 2C                     554 	.db #0x2c	; 44
    00000352 C0 1A                  555 	.dw #0x1ac0
    00000354 A0 01                  556 	.dw #0x01a0
    00000356 C3                     557 	.db #0xc3	; 195
    00000357 A0 1B                  558 	.dw #0x1ba0
    00000359 A0 01                  559 	.dw #0x01a0
    0000035B 30                     560 	.db #0x30	; 48	'0'
    0000035C B0 1B                  561 	.dw #0x1bb0
    0000035E A0 01                  562 	.dw #0x01a0
    00000360 2E                     563 	.db #0x2e	; 46
    00000361 90 1C                  564 	.dw #0x1c90
    00000363 A0 01                  565 	.dw #0x01a0
    00000365 2E                     566 	.db #0x2e	; 46
    00000366 D0 1C                  567 	.dw #0x1cd0
    00000368 A0 01                  568 	.dw #0x01a0
    0000036A 30                     569 	.db #0x30	; 48	'0'
    0000036B 60 1D                  570 	.dw #0x1d60
    0000036D A0 01                  571 	.dw #0x01a0
    0000036F 2E                     572 	.db #0x2e	; 46
    00000370 A0 1D                  573 	.dw #0x1da0
    00000372 A0 01                  574 	.dw #0x01a0
    00000374 2E                     575 	.db #0x2e	; 46
    00000375 90 1E                  576 	.dw #0x1e90
    00000377 A0 01                  577 	.dw #0x01a0
    00000379 2E                     578 	.db #0x2e	; 46
    0000037A 00 1F                  579 	.dw #0x1f00
    0000037C A0 01                  580 	.dw #0x01a0
    0000037E 30                     581 	.db #0x30	; 48	'0'
    0000037F 80 1F                  582 	.dw #0x1f80
    00000381 A0 01                  583 	.dw #0x01a0
    00000383 2E                     584 	.db #0x2e	; 46
    00000384 20 20                  585 	.dw #0x2020
    00000386 A0 01                  586 	.dw #0x01a0
    00000388 2E                     587 	.db #0x2e	; 46
    00000389 90 20                  588 	.dw #0x2090
    0000038B A0 01                  589 	.dw #0x01a0
    0000038D C4                     590 	.db #0xc4	; 196
    0000038E B0 20                  591 	.dw #0x20b0
    00000390 A0 01                  592 	.dw #0x01a0
    00000392 C6                     593 	.db #0xc6	; 198
    00000393 10 21                  594 	.dw #0x2110
    00000395 A0 01                  595 	.dw #0x01a0
    00000397 2E                     596 	.db #0x2e	; 46
    00000398 70 21                  597 	.dw #0x2170
    0000039A A0 01                  598 	.dw #0x01a0
    0000039C 30                     599 	.db #0x30	; 48	'0'
    0000039D A0 21                  600 	.dw #0x21a0
    0000039F A0 01                  601 	.dw #0x01a0
    000003A1 2E                     602 	.db #0x2e	; 46
    000003A2 20 25                  603 	.dw #0x2520
    000003A4 A0 01                  604 	.dw #0x01a0
    000003A6 30                     605 	.db #0x30	; 48	'0'
    000003A7 A0 25                  606 	.dw #0x25a0
    000003A9 A0 01                  607 	.dw #0x01a0
    000003AB 2E                     608 	.db #0x2e	; 46
    000003AC 60 28                  609 	.dw #0x2860
    000003AE A0 01                  610 	.dw #0x01a0
    000003B0 3C                     611 	.db #0x3c	; 60
    000003B1 80 28                  612 	.dw #0x2880
    000003B3 A0 01                  613 	.dw #0x01a0
    000003B5 30                     614 	.db #0x30	; 48	'0'
    000003B6 D0 28                  615 	.dw #0x28d0
    000003B8 A0 01                  616 	.dw #0x01a0
    000003BA 30                     617 	.db #0x30	; 48	'0'
    000003BB 00 29                  618 	.dw #0x2900
    000003BD A0 01                  619 	.dw #0x01a0
    000003BF 2E                     620 	.db #0x2e	; 46
    000003C0 60 29                  621 	.dw #0x2960
    000003C2 A0 01                  622 	.dw #0x01a0
    000003C4 2E                     623 	.db #0x2e	; 46
    000003C5 00 2A                  624 	.dw #0x2a00
    000003C7 A0 01                  625 	.dw #0x01a0
    000003C9 2E                     626 	.db #0x2e	; 46
    000003CA 50 2A                  627 	.dw #0x2a50
    000003CC A0 01                  628 	.dw #0x01a0
    000003CE 2E                     629 	.db #0x2e	; 46
    000003CF F0 2A                  630 	.dw #0x2af0
    000003D1 A0 01                  631 	.dw #0x01a0
    000003D3 30                     632 	.db #0x30	; 48	'0'
    000003D4 F0 2C                  633 	.dw #0x2cf0
    000003D6 A0 01                  634 	.dw #0x01a0
    000003D8 30                     635 	.db #0x30	; 48	'0'
    000003D9 A0 2D                  636 	.dw #0x2da0
    000003DB A0 01                  637 	.dw #0x01a0
    000003DD 30                     638 	.db #0x30	; 48	'0'
    000003DE F0 2D                  639 	.dw #0x2df0
    000003E0 A0 01                  640 	.dw #0x01a0
    000003E2 30                     641 	.db #0x30	; 48	'0'
    000003E3 90 2E                  642 	.dw #0x2e90
    000003E5 A0 01                  643 	.dw #0x01a0
    000003E7 2E                     644 	.db #0x2e	; 46
    000003E8 C0 2E                  645 	.dw #0x2ec0
    000003EA A0 01                  646 	.dw #0x01a0
    000003EC 2E                     647 	.db #0x2e	; 46
    000003ED 50 2F                  648 	.dw #0x2f50
    000003EF A0 01                  649 	.dw #0x01a0
    000003F1 2E                     650 	.db #0x2e	; 46
    000003F2 80 2F                  651 	.dw #0x2f80
    000003F4 A0 01                  652 	.dw #0x01a0
    000003F6 2E                     653 	.db #0x2e	; 46
    000003F7 60 30                  654 	.dw #0x3060
    000003F9 A0 01                  655 	.dw #0x01a0
    000003FB C6                     656 	.db #0xc6	; 198
    000003FC 80 30                  657 	.dw #0x3080
    000003FE A0 01                  658 	.dw #0x01a0
    00000400 CF                     659 	.db #0xcf	; 207
    00000401 60 31                  660 	.dw #0x3160
    00000403 A0 01                  661 	.dw #0x01a0
    00000405 2E                     662 	.db #0x2e	; 46
    00000406 70 32                  663 	.dw #0x3270
    00000408 A0 01                  664 	.dw #0x01a0
    0000040A 2E                     665 	.db #0x2e	; 46
    0000040B 30 33                  666 	.dw #0x3330
    0000040D A0 01                  667 	.dw #0x01a0
    0000040F 30                     668 	.db #0x30	; 48	'0'
    00000410 10 34                  669 	.dw #0x3410
    00000412 A0 01                  670 	.dw #0x01a0
    00000414 2E                     671 	.db #0x2e	; 46
    00000415 70 34                  672 	.dw #0x3470
    00000417 A0 01                  673 	.dw #0x01a0
    00000419 2E                     674 	.db #0x2e	; 46
    0000041A 50 35                  675 	.dw #0x3550
    0000041C A0 01                  676 	.dw #0x01a0
    0000041E 30                     677 	.db #0x30	; 48	'0'
    0000041F 10 36                  678 	.dw #0x3610
    00000421 A0 01                  679 	.dw #0x01a0
    00000423 2E                     680 	.db #0x2e	; 46
                                    681 	.area _INITIALIZER
                                    682 	.area _CABS (ABS)
